[35m[Appium][39m Welcome to Appium v1.22.3
[35m[Appium][39m Non-default server args:
[35m[Appium][39m   port: 51676
[35m[Appium][39m   loglevel: info
[35m[Appium][39m   tmpDir: C:\Users\muhra\AppData\Local\Temp\\Katalon\Appium\Temp1724426819599
[35m[Appium][39m   chromedriverPort: 51677
[35m[Appium][39m Deprecated server args:
[35m[Appium][39m   [31m--chromedriver-port[39m => --default-capabilities
[35m[Appium][39m Default capabilities, which will be added to each request unless overridden by desired capabilities:
[35m[Appium][39m   chromedriverPort: 51677
[35m[Appium][39m Appium REST http interface listener started on 0.0.0.0:51676
[35m[HTTP][39m [37m-->[39m [37mGET[39m [37m/wd/hub/status[39m
[35m[HTTP][39m [90m{}[39m
[35m[HTTP][39m [37m<-- GET /wd/hub/status [39m[32m200[39m [90m7 ms - 68[39m
[35m[HTTP][39m [90m[39m
[35m[HTTP][39m [37m-->[39m [37mGET[39m [37m/wd/hub/status[39m
[35m[HTTP][39m [90m{}[39m
[35m[HTTP][39m [37m<-- GET /wd/hub/status [39m[32m200[39m [90m1 ms - 68[39m
[35m[HTTP][39m [90m[39m
[35m[HTTP][39m [37m-->[39m [37mPOST[39m [37m/wd/hub/session[39m
[35m[HTTP][39m [90m{"desiredCapabilities":{"appPackage":"com.android.settings","deviceId":"","deviceName":"Xiaomi 2201117PG (Android 13)","platform":"ANDROID","appActivity":".Settings","newCommandTimeout":1800,"platformVersion":"13","automationName":"uiautomator2","autoGrantPermissions":true,"platformName":"Android","udid":"MBKZNJDUUCF645YD","systemPort":8285},"capabilities":{"firstMatch":[{"appium:appActivity":".Settings","appium:appPackage":"com.android.settings","appium:autoGrantPermissions":true,"appium:automationName":"uiautomator2","deviceId":"","appium:deviceName":"Xiaomi 2201117PG (Android 13)","appium:newCommandTimeout":1800,"platform":"ANDROID","platformName":"android","appium:platformVersion":"13","appium:systemPort":8285,"appium:udid":"MBKZNJDUUCF645YD"}]}}[39m
[35m[BaseDriver][39m The following capabilities are not standard capabilities and should have an extension prefix:
[35m[BaseDriver][39m   deviceId
[35m[BaseDriver][39m   platform
[35m[BaseDriver][39m   chromedriverPort
[35m[Appium][39m Appium v1.22.3 creating new AndroidUiautomator2Driver (v1.70.1) session
[35m[BaseDriver][39m The following capabilities were provided, but are not recognized by Appium:
[35m[BaseDriver][39m   deviceId
[35m[BaseDriver][39m   platform
[35m[BaseDriver][39m Session created with session id: 8a6e16ab-a9b2-45c6-b628-784bd72dd17d
[35m[UiAutomator2][39m Starting 'com.android.settings' directly on the device
[35m[ADB][39m Found 1 'build-tools' folders under 'C:\Users\muhra\.katalon\tools\android_sdk' (newest first):
[35m[ADB][39m     C:/Users/muhra/.katalon/tools/android_sdk/build-tools/29.0.3
[35m[ADB][39m Using 'adb.exe' from 'C:\Users\muhra\.katalon\tools\android_sdk\platform-tools\adb.exe'
[35m[AndroidDriver][39m Retrieving device list
[35m[AndroidDriver][39m Using device: MBKZNJDUUCF645YD
[35m[ADB][39m Using 'adb.exe' from 'C:\Users\muhra\.katalon\tools\android_sdk\platform-tools\adb.exe'
[35m[ADB][39m Getting device platform version
[35m[UiAutomator2][39m Relaxing hidden api policy
[35m[AndroidDriver][39m No app sent in, not parsing package/activity
[35m[ADB][39m Using 'apksigner.jar' from 'C:\Users\muhra\.katalon\tools\android_sdk\build-tools\29.0.3\lib\apksigner.jar'
[35m[ADB][39m 'C:\Users\muhra\AppData\Roaming\npm\node_modules\appium\node_modules\appium-uiautomator2-server\apks\appium-uiautomator2-server-v4.27.0.apk' is signed with the default certificate
[35m[ADB][39m 'C:\Users\muhra\AppData\Roaming\npm\node_modules\appium\node_modules\appium-uiautomator2-server\apks\appium-uiautomator2-server-debug-androidTest.apk' is signed with the default certificate
[35m[UiAutomator2][39m Server packages are not going to be (re)installed
[35m[ADB][39m Adding packages ["io.appium.settings","io.appium.uiautomator2.server","io.appium.uiautomator2.server.test"] to Doze whitelist
[35m[UiAutomator2][39m Starting UIAutomator2 server 4.27.0
[35m[UiAutomator2][39m Using UIAutomator2 server from 'C:\Users\muhra\AppData\Roaming\npm\node_modules\appium\node_modules\appium-uiautomator2-server\apks\appium-uiautomator2-server-v4.27.0.apk' and test from 'C:\Users\muhra\AppData\Roaming\npm\node_modules\appium\node_modules\appium-uiautomator2-server\apks\appium-uiautomator2-server-debug-androidTest.apk'
[35m[UiAutomator2][39m Waiting up to 30000ms for UiAutomator2 to be online...
[35m[WD Proxy][39m socket hang up
[35m[WD Proxy][39m socket hang up
[35m[WD Proxy][39m socket hang up
[35m[WD Proxy][39m Determined the downstream protocol as 'W3C'
[35m[AndroidDriver][39m Screen already unlocked, doing nothing
[35m[UiAutomator2][39m Starting 'com.android.settings/.Settings and waiting for 'com.android.settings/.Settings'
[35m[Appium][39m New AndroidUiautomator2Driver session created successfully, session 8a6e16ab-a9b2-45c6-b628-784bd72dd17d added to master session list
[35m[HTTP][39m [37m<-- POST /wd/hub/session [39m[32m200[39m [90m11051 ms - 1205[39m
[35m[HTTP][39m [90m[39m
[35m[HTTP][39m [37m-->[39m [37mGET[39m [37m/wd/hub/session/8a6e16ab-a9b2-45c6-b628-784bd72dd17d[39m
[35m[HTTP][39m [90m{}[39m
[35m[HTTP][39m [37m<-- GET /wd/hub/session/8a6e16ab-a9b2-45c6-b628-784bd72dd17d [39m[32m200[39m [90m19 ms - 1159[39m
[35m[HTTP][39m [90m[39m
[35m[HTTP][39m [37m-->[39m [37mGET[39m [37m/wd/hub/session/8a6e16ab-a9b2-45c6-b628-784bd72dd17d[39m
[35m[HTTP][39m [90m{}[39m
[35m[HTTP][39m [37m<-- GET /wd/hub/session/8a6e16ab-a9b2-45c6-b628-784bd72dd17d [39m[32m200[39m [90m9 ms - 1159[39m
[35m[HTTP][39m [90m[39m
[35m[HTTP][39m [37m-->[39m [37mGET[39m [37m/wd/hub/status[39m
[35m[HTTP][39m [90m{}[39m
[35m[HTTP][39m [37m<-- GET /wd/hub/status [39m[32m200[39m [90m1 ms - 68[39m
[35m[HTTP][39m [90m[39m
[35m[HTTP][39m [37m-->[39m [37mPOST[39m [37m/wd/hub/session/8a6e16ab-a9b2-45c6-b628-784bd72dd17d/timeouts[39m
[35m[HTTP][39m [90m{"implicit":60000}[39m
[35m[HTTP][39m [37m<-- POST /wd/hub/session/8a6e16ab-a9b2-45c6-b628-784bd72dd17d/timeouts [39m[32m200[39m [90m3 ms - 14[39m
[35m[HTTP][39m [90m[39m
[35m[HTTP][39m [37m-->[39m [37mGET[39m [37m/wd/hub/session/8a6e16ab-a9b2-45c6-b628-784bd72dd17d/screenshot[39m
[35m[HTTP][39m [90m{}[39m
[35m[HTTP][39m [37m<-- GET /wd/hub/session/8a6e16ab-a9b2-45c6-b628-784bd72dd17d/screenshot [39m[32m200[39m [90m527 ms - 205022[39m
[35m[HTTP][39m [90m[39m
[35m[HTTP][39m [37m-->[39m [37mGET[39m [37m/wd/hub/session/8a6e16ab-a9b2-45c6-b628-784bd72dd17d/window/rect[39m
[35m[HTTP][39m [90m{}[39m
[35m[HTTP][39m [37m<-- GET /wd/hub/session/8a6e16ab-a9b2-45c6-b628-784bd72dd17d/window/rect [39m[32m200[39m [90m27 ms - 50[39m
[35m[HTTP][39m [90m[39m
[35m[HTTP][39m [37m-->[39m [37mGET[39m [37m/wd/hub/session/8a6e16ab-a9b2-45c6-b628-784bd72dd17d/appium/device/system_bars[39m
[35m[HTTP][39m [90m{}[39m
[35m[HTTP][39m [37m<-- GET /wd/hub/session/8a6e16ab-a9b2-45c6-b628-784bd72dd17d/appium/device/system_bars [39m[32m200[39m [90m128 ms - 145[39m
[35m[HTTP][39m [90m[39m
[35m[HTTP][39m [37m-->[39m [37mPOST[39m [37m/wd/hub/session/8a6e16ab-a9b2-45c6-b628-784bd72dd17d/appium/device/activate_app[39m
[35m[HTTP][39m [90m{"bundleId":"id.co.adira.adiraku"}[39m
[35m[HTTP][39m [37m<-- POST /wd/hub/session/8a6e16ab-a9b2-45c6-b628-784bd72dd17d/appium/device/activate_app [39m[32m200[39m [90m399 ms - 14[39m
[35m[HTTP][39m [90m[39m
[35m[HTTP][39m [37m-->[39m [37mGET[39m [37m/wd/hub/session/8a6e16ab-a9b2-45c6-b628-784bd72dd17d/source[39m
[35m[HTTP][39m [90m{}[39m
[35m[W3C (8a6e16ab)][39m Driver proxy active, passing request on via HTTP proxy
[35m[WD Proxy][39m Replacing sessionId 5f29a957-9128-405e-9efd-9f88e71cdc04 with 8a6e16ab-a9b2-45c6-b628-784bd72dd17d
[35m[HTTP][39m [37m<-- GET /wd/hub/session/8a6e16ab-a9b2-45c6-b628-784bd72dd17d/source [39m[32m200[39m [90m990 ms - 54863[39m
[35m[HTTP][39m [90m[39m
[35m[HTTP][39m [37m-->[39m [37mGET[39m [37m/wd/hub/session/8a6e16ab-a9b2-45c6-b628-784bd72dd17d/screenshot[39m
[35m[HTTP][39m [90m{}[39m
[35m[HTTP][39m [37m<-- GET /wd/hub/session/8a6e16ab-a9b2-45c6-b628-784bd72dd17d/screenshot [39m[32m200[39m [90m1094 ms - 2212336[39m
[35m[HTTP][39m [90m[39m
[35m[HTTP][39m [37m-->[39m [37mGET[39m [37m/wd/hub/session/8a6e16ab-a9b2-45c6-b628-784bd72dd17d/source[39m
[35m[HTTP][39m [90m{}[39m
[35m[W3C (8a6e16ab)][39m Driver proxy active, passing request on via HTTP proxy
[35m[WD Proxy][39m Replacing sessionId 5f29a957-9128-405e-9efd-9f88e71cdc04 with 8a6e16ab-a9b2-45c6-b628-784bd72dd17d
[35m[HTTP][39m [37m<-- GET /wd/hub/session/8a6e16ab-a9b2-45c6-b628-784bd72dd17d/source [39m[32m200[39m [90m209 ms - 13596[39m
[35m[HTTP][39m [90m[39m
[35m[HTTP][39m [37m-->[39m [37mGET[39m [37m/wd/hub/session/8a6e16ab-a9b2-45c6-b628-784bd72dd17d/screenshot[39m
[35m[HTTP][39m [90m{}[39m
[35m[HTTP][39m [37m<-- GET /wd/hub/session/8a6e16ab-a9b2-45c6-b628-784bd72dd17d/screenshot [39m[32m200[39m [90m584 ms - 102518[39m
[35m[HTTP][39m [90m[39m
[35m[HTTP][39m [37m-->[39m [37mPOST[39m [37m/wd/hub/session/8a6e16ab-a9b2-45c6-b628-784bd72dd17d/elements[39m
[35m[HTTP][39m [90m{"using":"xpath","value":"//*[@class = 'android.widget.FrameLayout' and (@text = '' or . = '')]"}[39m
[35m[HTTP][39m [37m<-- POST /wd/hub/session/8a6e16ab-a9b2-45c6-b628-784bd72dd17d/elements [39m[32m200[39m [90m796 ms - 651[39m
[35m[HTTP][39m [90m[39m
[35m[HTTP][39m [37m-->[39m [37mPOST[39m [37m/wd/hub/session/8a6e16ab-a9b2-45c6-b628-784bd72dd17d/elements[39m
[35m[HTTP][39m [90m{"using":"-android uiautomator","value":"new UiSelector().className(\"android.widget.FrameLayout\")"}[39m
[35m[HTTP][39m [37m<-- POST /wd/hub/session/8a6e16ab-a9b2-45c6-b628-784bd72dd17d/elements [39m[32m200[39m [90m107 ms - 651[39m
[35m[HTTP][39m [90m[39m
[35m[HTTP][39m [37m-->[39m [37mPOST[39m [37m/wd/hub/session/8a6e16ab-a9b2-45c6-b628-784bd72dd17d/elements[39m
[35m[HTTP][39m [90m{"using":"xpath","value":"//*[@class = 'android.view.ViewGroup' and (@text = '' or . = '')]"}[39m
[35m[HTTP][39m [37m<-- POST /wd/hub/session/8a6e16ab-a9b2-45c6-b628-784bd72dd17d/elements [39m[32m200[39m [90m303 ms - 2443[39m
[35m[HTTP][39m [90m[39m
[35m[HTTP][39m [37m-->[39m [37mPOST[39m [37m/wd/hub/session/8a6e16ab-a9b2-45c6-b628-784bd72dd17d/elements[39m
[35m[HTTP][39m [90m{"using":"-android uiautomator","value":"new UiSelector().className(\"android.view.ViewGroup\")"}[39m
[35m[HTTP][39m [37m<-- POST /wd/hub/session/8a6e16ab-a9b2-45c6-b628-784bd72dd17d/elements [39m[32m200[39m [90m357 ms - 2443[39m
[35m[HTTP][39m [90m[39m
[35m[HTTP][39m [37m-->[39m [37mPOST[39m [37m/wd/hub/session/8a6e16ab-a9b2-45c6-b628-784bd72dd17d/elements[39m
[35m[HTTP][39m [90m{"using":"xpath","value":"//*[@class = 'android.view.ViewGroup' and @resource-id = 'button_optionKirimWA' and (@text = '' or . = '')]"}[39m
[35m[HTTP][39m [37m<-- POST /wd/hub/session/8a6e16ab-a9b2-45c6-b628-784bd72dd17d/elements [39m[32m200[39m [90m324 ms - 139[39m
[35m[HTTP][39m [90m[39m
[35m[HTTP][39m [37m-->[39m [37mPOST[39m [37m/wd/hub/session/8a6e16ab-a9b2-45c6-b628-784bd72dd17d/elements[39m
[35m[HTTP][39m [90m{"using":"xpath","value":"//*[@class = 'android.view.ViewGroup' and (@text = '' or . = '')]"}[39m
[35m[HTTP][39m [37m<-- POST /wd/hub/session/8a6e16ab-a9b2-45c6-b628-784bd72dd17d/elements [39m[32m200[39m [90m362 ms - 2443[39m
[35m[HTTP][39m [90m[39m
[35m[HTTP][39m [37m-->[39m [37mPOST[39m [37m/wd/hub/session/8a6e16ab-a9b2-45c6-b628-784bd72dd17d/elements[39m
[35m[HTTP][39m [90m{"using":"-android uiautomator","value":"new UiSelector().className(\"android.view.ViewGroup\")"}[39m
[35m[HTTP][39m [37m<-- POST /wd/hub/session/8a6e16ab-a9b2-45c6-b628-784bd72dd17d/elements [39m[32m200[39m [90m265 ms - 2443[39m
[35m[HTTP][39m [90m[39m
[35m[HTTP][39m [37m-->[39m [37mPOST[39m [37m/wd/hub/session/8a6e16ab-a9b2-45c6-b628-784bd72dd17d/timeouts[39m
[35m[HTTP][39m [90m{"implicit":1000}[39m
[35m[HTTP][39m [37m<-- POST /wd/hub/session/8a6e16ab-a9b2-45c6-b628-784bd72dd17d/timeouts [39m[32m200[39m [90m2 ms - 14[39m
[35m[HTTP][39m [90m[39m
[35m[HTTP][39m [37m-->[39m [37mPOST[39m [37m/wd/hub/session/8a6e16ab-a9b2-45c6-b628-784bd72dd17d/elements[39m
[35m[HTTP][39m [90m{"using":"accessibility id","value":"button_optionKirimWA"}[39m
[35m[HTTP][39m [37m<-- POST /wd/hub/session/8a6e16ab-a9b2-45c6-b628-784bd72dd17d/elements [39m[32m200[39m [90m132 ms - 139[39m
[35m[HTTP][39m [90m[39m
[35m[HTTP][39m [37m-->[39m [37mGET[39m [37m/wd/hub/session/8a6e16ab-a9b2-45c6-b628-784bd72dd17d/element/00000000-0000-010f-ffff-ffff000003af/location[39m
[35m[HTTP][39m [90m{}[39m
[35m[W3C (8a6e16ab)][39m Driver proxy active, passing request on via HTTP proxy
[35m[WD Proxy][39m Replacing sessionId 5f29a957-9128-405e-9efd-9f88e71cdc04 with 8a6e16ab-a9b2-45c6-b628-784bd72dd17d
[35m[HTTP][39m [37m<-- GET /wd/hub/session/8a6e16ab-a9b2-45c6-b628-784bd72dd17d/element/00000000-0000-010f-ffff-ffff000003af/location [39m[32m200[39m [90m47 ms - 77[39m
[35m[HTTP][39m [90m[39m
[35m[HTTP][39m [37m-->[39m [37mGET[39m [37m/wd/hub/session/8a6e16ab-a9b2-45c6-b628-784bd72dd17d/element/00000000-0000-010f-ffff-ffff000003af/size[39m
[35m[HTTP][39m [90m{}[39m
[35m[W3C (8a6e16ab)][39m Driver proxy active, passing request on via HTTP proxy
[35m[WD Proxy][39m Replacing sessionId 5f29a957-9128-405e-9efd-9f88e71cdc04 with 8a6e16ab-a9b2-45c6-b628-784bd72dd17d
[35m[HTTP][39m [37m<-- GET /wd/hub/session/8a6e16ab-a9b2-45c6-b628-784bd72dd17d/element/00000000-0000-010f-ffff-ffff000003af/size [39m[32m200[39m [90m34 ms - 87[39m
[35m[HTTP][39m [90m[39m
[35m[HTTP][39m [37m-->[39m [37mPOST[39m [37m/wd/hub/session/8a6e16ab-a9b2-45c6-b628-784bd72dd17d/elements[39m
[35m[HTTP][39m [90m{"using":"xpath","value":"//*[@class = 'android.view.ViewGroup' and (@text = '' or . = '')]"}[39m
[35m[HTTP][39m [37m<-- POST /wd/hub/session/8a6e16ab-a9b2-45c6-b628-784bd72dd17d/elements [39m[32m200[39m [90m233 ms - 2443[39m
[35m[HTTP][39m [90m[39m
[35m[HTTP][39m [37m-->[39m [37mPOST[39m [37m/wd/hub/session/8a6e16ab-a9b2-45c6-b628-784bd72dd17d/elements[39m
[35m[HTTP][39m [90m{"using":"-android uiautomator","value":"new UiSelector().className(\"android.view.ViewGroup\")"}[39m
[35m[HTTP][39m [37m<-- POST /wd/hub/session/8a6e16ab-a9b2-45c6-b628-784bd72dd17d/elements [39m[32m200[39m [90m296 ms - 2443[39m
[35m[HTTP][39m [90m[39m
[35m[HTTP][39m [37m-->[39m [37mPOST[39m [37m/wd/hub/session/8a6e16ab-a9b2-45c6-b628-784bd72dd17d/elements[39m
[35m[HTTP][39m [90m{"using":"xpath","value":"//*[@class = 'android.view.ViewGroup' and @resource-id = 'button_optionKirimSMS' and (@text = '' or . = '')]"}[39m
[35m[HTTP][39m [37m<-- POST /wd/hub/session/8a6e16ab-a9b2-45c6-b628-784bd72dd17d/elements [39m[32m200[39m [90m250 ms - 139[39m
[35m[HTTP][39m [90m[39m
[35m[HTTP][39m [37m-->[39m [37mPOST[39m [37m/wd/hub/session/8a6e16ab-a9b2-45c6-b628-784bd72dd17d/elements[39m
[35m[HTTP][39m [90m{"using":"xpath","value":"//*[@class = 'android.view.ViewGroup' and (@text = '' or . = '')]"}[39m
[35m[HTTP][39m [37m<-- POST /wd/hub/session/8a6e16ab-a9b2-45c6-b628-784bd72dd17d/elements [39m[32m200[39m [90m266 ms - 2443[39m
[35m[HTTP][39m [90m[39m
[35m[HTTP][39m [37m-->[39m [37mPOST[39m [37m/wd/hub/session/8a6e16ab-a9b2-45c6-b628-784bd72dd17d/elements[39m
[35m[HTTP][39m [90m{"using":"-android uiautomator","value":"new UiSelector().className(\"android.view.ViewGroup\")"}[39m
[35m[HTTP][39m [37m<-- POST /wd/hub/session/8a6e16ab-a9b2-45c6-b628-784bd72dd17d/elements [39m[32m200[39m [90m355 ms - 2443[39m
[35m[HTTP][39m [90m[39m
[35m[HTTP][39m [37m-->[39m [37mPOST[39m [37m/wd/hub/session/8a6e16ab-a9b2-45c6-b628-784bd72dd17d/elements[39m
[35m[HTTP][39m [90m{"using":"xpath","value":"//*[@class = 'android.view.ViewGroup' and (@text = '' or . = '')]"}[39m
[35m[HTTP][39m [37m<-- POST /wd/hub/session/8a6e16ab-a9b2-45c6-b628-784bd72dd17d/elements [39m[32m200[39m [90m252 ms - 2443[39m
[35m[HTTP][39m [90m[39m
[35m[HTTP][39m [37m-->[39m [37mPOST[39m [37m/wd/hub/session/8a6e16ab-a9b2-45c6-b628-784bd72dd17d/elements[39m
[35m[HTTP][39m [90m{"using":"-android uiautomator","value":"new UiSelector().className(\"android.view.ViewGroup\")"}[39m
[35m[HTTP][39m [37m<-- POST /wd/hub/session/8a6e16ab-a9b2-45c6-b628-784bd72dd17d/elements [39m[32m200[39m [90m354 ms - 2443[39m
[35m[HTTP][39m [90m[39m
[35m[HTTP][39m [37m-->[39m [37mPOST[39m [37m/wd/hub/session/8a6e16ab-a9b2-45c6-b628-784bd72dd17d/elements[39m
[35m[HTTP][39m [90m{"using":"xpath","value":"//*[@class = 'android.view.ViewGroup' and (@text = '' or . = '')]"}[39m
[35m[HTTP][39m [37m<-- POST /wd/hub/session/8a6e16ab-a9b2-45c6-b628-784bd72dd17d/elements [39m[32m200[39m [90m272 ms - 2443[39m
[35m[HTTP][39m [90m[39m
[35m[HTTP][39m [37m-->[39m [37mPOST[39m [37m/wd/hub/session/8a6e16ab-a9b2-45c6-b628-784bd72dd17d/elements[39m
[35m[HTTP][39m [90m{"using":"-android uiautomator","value":"new UiSelector().className(\"android.view.ViewGroup\")"}[39m
[35m[HTTP][39m [37m<-- POST /wd/hub/session/8a6e16ab-a9b2-45c6-b628-784bd72dd17d/elements [39m[32m200[39m [90m214 ms - 2443[39m
[35m[HTTP][39m [90m[39m
[35m[HTTP][39m [37m-->[39m [37mPOST[39m [37m/wd/hub/session/8a6e16ab-a9b2-45c6-b628-784bd72dd17d/elements[39m
[35m[HTTP][39m [90m{"using":"xpath","value":"//*[@class = 'android.view.ViewGroup' and (@text = '' or . = '')]"}[39m
[35m[HTTP][39m [37m<-- POST /wd/hub/session/8a6e16ab-a9b2-45c6-b628-784bd72dd17d/elements [39m[32m200[39m [90m312 ms - 2443[39m
[35m[HTTP][39m [90m[39m
[35m[HTTP][39m [37m-->[39m [37mPOST[39m [37m/wd/hub/session/8a6e16ab-a9b2-45c6-b628-784bd72dd17d/elements[39m
[35m[HTTP][39m [90m{"using":"-android uiautomator","value":"new UiSelector().className(\"android.view.ViewGroup\")"}[39m
[35m[HTTP][39m [37m<-- POST /wd/hub/session/8a6e16ab-a9b2-45c6-b628-784bd72dd17d/elements [39m[32m200[39m [90m237 ms - 2443[39m
[35m[HTTP][39m [90m[39m
[35m[HTTP][39m [37m-->[39m [37mPOST[39m [37m/wd/hub/session/8a6e16ab-a9b2-45c6-b628-784bd72dd17d/timeouts[39m
[35m[HTTP][39m [90m{"implicit":1000}[39m
[35m[HTTP][39m [37m<-- POST /wd/hub/session/8a6e16ab-a9b2-45c6-b628-784bd72dd17d/timeouts [39m[32m200[39m [90m1 ms - 14[39m
[35m[HTTP][39m [90m[39m
[35m[HTTP][39m [37m-->[39m [37mPOST[39m [37m/wd/hub/session/8a6e16ab-a9b2-45c6-b628-784bd72dd17d/elements[39m
[35m[HTTP][39m [90m{"using":"xpath","value":"//hierarchy/android.widget.FrameLayout[1]/android.widget.LinearLayout[1]/android.widget.FrameLayout[1]/android.widget.FrameLayout[1]/android.view.ViewGroup[1]/android.view.ViewGroup[1]/android.view.ViewGroup[1]/android.view.ViewGroup[1]/android.view.ViewGroup[2]/android.view.ViewGroup[1]/android.view.ViewGroup[1]"}[39m
[35m[HTTP][39m [37m<-- POST /wd/hub/session/8a6e16ab-a9b2-45c6-b628-784bd72dd17d/elements [39m[32m200[39m [90m346 ms - 139[39m
[35m[HTTP][39m [90m[39m
[35m[HTTP][39m [37m-->[39m [37mGET[39m [37m/wd/hub/session/8a6e16ab-a9b2-45c6-b628-784bd72dd17d/element/00000000-0000-010f-ffff-ffff00000398/location[39m
[35m[HTTP][39m [90m{}[39m
[35m[W3C (8a6e16ab)][39m Driver proxy active, passing request on via HTTP proxy
[35m[WD Proxy][39m Replacing sessionId 5f29a957-9128-405e-9efd-9f88e71cdc04 with 8a6e16ab-a9b2-45c6-b628-784bd72dd17d
[35m[HTTP][39m [37m<-- GET /wd/hub/session/8a6e16ab-a9b2-45c6-b628-784bd72dd17d/element/00000000-0000-010f-ffff-ffff00000398/location [39m[32m200[39m [90m54 ms - 77[39m
[35m[HTTP][39m [90m[39m
[35m[HTTP][39m [37m-->[39m [37mGET[39m [37m/wd/hub/session/8a6e16ab-a9b2-45c6-b628-784bd72dd17d/element/00000000-0000-010f-ffff-ffff00000398/size[39m
[35m[HTTP][39m [90m{}[39m
[35m[W3C (8a6e16ab)][39m Driver proxy active, passing request on via HTTP proxy
[35m[WD Proxy][39m Replacing sessionId 5f29a957-9128-405e-9efd-9f88e71cdc04 with 8a6e16ab-a9b2-45c6-b628-784bd72dd17d
[35m[HTTP][39m [37m<-- GET /wd/hub/session/8a6e16ab-a9b2-45c6-b628-784bd72dd17d/element/00000000-0000-010f-ffff-ffff00000398/size [39m[32m200[39m [90m35 ms - 85[39m
[35m[HTTP][39m [90m[39m
[35m[HTTP][39m [37m-->[39m [37mPOST[39m [37m/wd/hub/session/8a6e16ab-a9b2-45c6-b628-784bd72dd17d/timeouts[39m
[35m[HTTP][39m [90m{"implicit":1000}[39m
[35m[HTTP][39m [37m<-- POST /wd/hub/session/8a6e16ab-a9b2-45c6-b628-784bd72dd17d/timeouts [39m[32m200[39m [90m1 ms - 14[39m
[35m[HTTP][39m [90m[39m
[35m[HTTP][39m [37m-->[39m [37mPOST[39m [37m/wd/hub/session/8a6e16ab-a9b2-45c6-b628-784bd72dd17d/elements[39m
[35m[HTTP][39m [90m{"using":"xpath","value":"//hierarchy/android.widget.FrameLayout[1]/android.widget.LinearLayout[1]/android.widget.FrameLayout[1]/android.widget.FrameLayout[1]/android.view.ViewGroup[1]/android.view.ViewGroup[1]/android.view.ViewGroup[1]/android.view.ViewGroup[1]/android.view.ViewGroup[2]/android.view.ViewGroup[1]/android.view.ViewGroup[1]"}[39m
[35m[HTTP][39m [37m<-- POST /wd/hub/session/8a6e16ab-a9b2-45c6-b628-784bd72dd17d/elements [39m[32m200[39m [90m307 ms - 139[39m
[35m[HTTP][39m [90m[39m
[35m[HTTP][39m [37m-->[39m [37mGET[39m [37m/wd/hub/session/8a6e16ab-a9b2-45c6-b628-784bd72dd17d/element/00000000-0000-010f-ffff-ffff00000398/location[39m
[35m[HTTP][39m [90m{}[39m
[35m[W3C (8a6e16ab)][39m Driver proxy active, passing request on via HTTP proxy
[35m[WD Proxy][39m Replacing sessionId 5f29a957-9128-405e-9efd-9f88e71cdc04 with 8a6e16ab-a9b2-45c6-b628-784bd72dd17d
[35m[HTTP][39m [37m<-- GET /wd/hub/session/8a6e16ab-a9b2-45c6-b628-784bd72dd17d/element/00000000-0000-010f-ffff-ffff00000398/location [39m[32m200[39m [90m27 ms - 77[39m
[35m[HTTP][39m [90m[39m
[35m[HTTP][39m [37m-->[39m [37mGET[39m [37m/wd/hub/session/8a6e16ab-a9b2-45c6-b628-784bd72dd17d/element/00000000-0000-010f-ffff-ffff00000398/size[39m
[35m[HTTP][39m [90m{}[39m
[35m[W3C (8a6e16ab)][39m Driver proxy active, passing request on via HTTP proxy
[35m[WD Proxy][39m Replacing sessionId 5f29a957-9128-405e-9efd-9f88e71cdc04 with 8a6e16ab-a9b2-45c6-b628-784bd72dd17d
[35m[HTTP][39m [37m<-- GET /wd/hub/session/8a6e16ab-a9b2-45c6-b628-784bd72dd17d/element/00000000-0000-010f-ffff-ffff00000398/size [39m[32m200[39m [90m25 ms - 85[39m
[35m[HTTP][39m [90m[39m
[35m[BaseDriver][39m Shutting down because we waited 1800 seconds for a command
[35m[Appium][39m Closing session, cause was 'New Command Timeout of 1800 seconds expired. Try customizing the timeout using the 'newCommandTimeout' desired capability'
[35m[Appium][39m Removing session '8a6e16ab-a9b2-45c6-b628-784bd72dd17d' from our master session list
[35m[UiAutomator2][39m Did not get confirmation UiAutomator2 deleteSession worked; Error was: UnknownError: An unknown server-side error occurred while processing the command. Original error: 'DELETE /' cannot be proxied to UiAutomator2 server because the instrumentation process is not running (probably crashed). Check the server log and/or the logcat output for more details
[35m[UiAutomator2][39m Unable to force stop app: Error executing adbExec. Original error: 'Command 'C:\\Users\\muhra\\.katalon\\tools\\android_sdk\\platform-tools\\adb.exe -P 5037 -s MBKZNJDUUCF645YD shell am force-stop com.android.settings' exited with code 1'; Command output: error: device offline
[35m[UiAutomator2][39m 
[35m[UiAutomator2][39m Unable to remove system port forward: Error executing adbExec. Original error: 'Command 'C:\\Users\\muhra\\.katalon\\tools\\android_sdk\\platform-tools\\adb.exe -P 5037 -s MBKZNJDUUCF645YD forward --remove tcp\:8285' exited with code 1'; Command output: adb.exe: error: device offline
[35m[UiAutomator2][39m 
[35m[UiAutomator2][39m Restoring hidden api policy to the device default configuration
